Using pre-set license
Built from '2021.3/staging' branch; Version is '2021.3.26f1 (a16dc32e0ff2) revision 10579395'; Using compiler version '192829333'; Build Type 'Release'
OS: 'Windows 10  (10.0.19045) 64bit Professional' Language: 'ru' Physical Memory: 32654 MB
BatchMode: 1, IsHumanControllingUs: 0, StartBugReporterOnCrash: 0, Is64bit: 1, IsPro: 1

COMMAND LINE ARGUMENTS:
D:\2021.3.26f1\Editor\Unity.exe
-adb2
-batchMode
-noUpm
-name
AssetImportWorker12
-projectPath
D:/UnityProjects/TestovyaDerevnya
-logFile
Logs/AssetImportWorker12.log
-srvPort
8618
Successfully changed project path to: D:/UnityProjects/TestovyaDerevnya
D:/UnityProjects/TestovyaDerevnya
[UnityMemory] Configuration Parameters - Can be set up in boot.config
    "memorysetup-bucket-allocator-granularity=16"
    "memorysetup-bucket-allocator-bucket-count=8"
    "memorysetup-bucket-allocator-block-size=33554432"
    "memorysetup-bucket-allocator-block-count=8"
    "memorysetup-main-allocator-block-size=16777216"
    "memorysetup-thread-allocator-block-size=16777216"
    "memorysetup-gfx-main-allocator-block-size=16777216"
    "memorysetup-gfx-thread-allocator-block-size=16777216"
    "memorysetup-cache-allocator-block-size=4194304"
    "memorysetup-typetree-allocator-block-size=2097152"
    "memorysetup-profiler-bucket-allocator-granularity=16"
    "memorysetup-profiler-bucket-allocator-bucket-count=8"
    "memorysetup-profiler-bucket-allocator-block-size=33554432"
    "memorysetup-profiler-bucket-allocator-block-count=8"
    "memorysetup-profiler-allocator-block-size=16777216"
    "memorysetup-profiler-editor-allocator-block-size=1048576"
    "memorysetup-temp-allocator-size-main=16777216"
    "memorysetup-job-temp-allocator-block-size=2097152"
    "memorysetup-job-temp-allocator-block-size-background=1048576"
    "memorysetup-job-temp-allocator-reduction-small-platforms=262144"
    "memorysetup-temp-allocator-size-background-worker=32768"
    "memorysetup-temp-allocator-size-job-worker=262144"
    "memorysetup-temp-allocator-size-preload-manager=33554432"
    "memorysetup-temp-allocator-size-nav-mesh-worker=65536"
    "memorysetup-temp-allocator-size-audio-worker=65536"
    "memorysetup-temp-allocator-size-cloud-worker=32768"
    "memorysetup-temp-allocator-size-gi-baking-worker=262144"
    "memorysetup-temp-allocator-size-gfx=262144"
Player connection [27000] Host "[IP] 192.168.1.111 [Port] 0 [Flags] 2 [Guid] 3952360413 [EditorId] 3952360413 [Version] 1048832 [Id] WindowsEditor(7,VOLD-PC) [Debug] 1 [PackageName] WindowsEditor [ProjectName] Editor" joined multi-casting on [225.0.0.222:54997]...

Player connection [27000] Host "[IP] 192.168.1.111 [Port] 0 [Flags] 2 [Guid] 3952360413 [EditorId] 3952360413 [Version] 1048832 [Id] WindowsEditor(7,VOLD-PC) [Debug] 1 [PackageName] WindowsEditor [ProjectName] Editor" joined alternative multi-casting on [225.0.0.222:34997]...

Refreshing native plugins compatible for Editor in 53.58 ms, found 3 plugins.
Preloading 0 native plugins for Editor in 0.00 ms.
Initialize engine version: 2021.3.26f1 (a16dc32e0ff2)
[Subsystems] Discovering subsystems at path D:/2021.3.26f1/Editor/Data/Resources/UnitySubsystems
[Subsystems] Discovering subsystems at path D:/UnityProjects/TestovyaDerevnya/Assets
GfxDevice: creating device client; threaded=0; jobified=0
Direct3D:
    Version:  Direct3D 11.0 [level 11.1]
    Renderer: NVIDIA GeForce RTX 3080 (ID=0x2216)
    Vendor:   NVIDIA
    VRAM:     10053 MB
    Driver:   32.0.15.6636
Initialize mono
Mono path[0] = 'D:/2021.3.26f1/Editor/Data/Managed'
Mono path[1] = 'D:/2021.3.26f1/Editor/Data/MonoBleedingEdge/lib/mono/unityjit-win32'
Mono config path = 'D:/2021.3.26f1/Editor/Data/MonoBleedingEdge/etc'
Using monoOptions --debugger-agent=transport=dt_socket,embedding=1,server=y,suspend=n,address=127.0.0.1:56124
Begin MonoManager ReloadAssembly
Registering precompiled unity dll's ...
Register platform support module: D:/2021.3.26f1/Editor/Data/PlaybackEngines/WindowsStandaloneSupport/UnityEditor.WindowsStandalone.Extensions.dll
Registered in 0.002076 seconds.
Native extension for WindowsStandalone target not found
Refreshing native plugins compatible for Editor in 48.32 ms, found 3 plugins.
Preloading 0 native plugins for Editor in 0.00 ms.
Mono: successfully reloaded assembly
- Completed reload, in  0.446 seconds
Domain Reload Profiling:
	ReloadAssembly (447ms)
		BeginReloadAssembly (65ms)
			ExecutionOrderSort (0ms)
			DisableScriptedObjects (0ms)
			BackupInstance (0ms)
			ReleaseScriptingObjects (0ms)
			CreateAndSetChildDomain (1ms)
		EndReloadAssembly (319ms)
			LoadAssemblies (64ms)
			RebuildTransferFunctionScriptingTraits (0ms)
			SetupTypeCache (72ms)
			ReleaseScriptCaches (0ms)
			RebuildScriptCaches (19ms)
			SetupLoadedEditorAssemblies (192ms)
				LogAssemblyErrors (0ms)
				InitializePlatformSupportModulesInManaged (5ms)
				SetLoadedEditorAssemblies (0ms)
				RefreshPlugins (49ms)
				BeforeProcessingInitializeOnLoad (1ms)
				ProcessInitializeOnLoadAttributes (101ms)
				ProcessInitializeOnLoadMethodAttributes (36ms)
				AfterProcessingInitializeOnLoad (0ms)
				EditorAssembliesLoaded (0ms)
			ExecutionOrderSort2 (0ms)
			AwakeInstancesAfterBackupRestoration (0ms)
Platform modules already initialized, skipping
Registering precompiled user dll's ...
Registered in 0.003955 seconds.
Begin MonoManager ReloadAssembly
Symbol file LoadedFromMemory doesn't match image D:\UnityProjects\TestovyaDerevnya\Library\PackageCache\com.unity.visualscripting@1.8.0\Editor\VisualScripting.Core\Dependencies\YamlDotNet\Unity.VisualScripting.YamlDotNet.dll
Symbol file LoadedFromMemory doesn't match image D:\UnityProjects\TestovyaDerevnya\Library\PackageCache\com.unity.visualscripting@1.8.0\Editor\VisualScripting.Core\Dependencies\DotNetZip\Unity.VisualScripting.IonicZip.dll
Native extension for WindowsStandalone target not found
Refreshing native plugins compatible for Editor in 0.65 ms, found 3 plugins.
Preloading 0 native plugins for Editor in 0.00 ms.
Mono: successfully reloaded assembly
- Completed reload, in  0.727 seconds
Domain Reload Profiling:
	ReloadAssembly (728ms)
		BeginReloadAssembly (92ms)
			ExecutionOrderSort (0ms)
			DisableScriptedObjects (5ms)
			BackupInstance (0ms)
			ReleaseScriptingObjects (0ms)
			CreateAndSetChildDomain (17ms)
		EndReloadAssembly (564ms)
			LoadAssemblies (67ms)
			RebuildTransferFunctionScriptingTraits (0ms)
			SetupTypeCache (170ms)
			ReleaseScriptCaches (0ms)
			RebuildScriptCaches (50ms)
			SetupLoadedEditorAssemblies (255ms)
				LogAssemblyErrors (0ms)
				InitializePlatformSupportModulesInManaged (4ms)
				SetLoadedEditorAssemblies (0ms)
				RefreshPlugins (1ms)
				BeforeProcessingInitializeOnLoad (48ms)
				ProcessInitializeOnLoadAttributes (182ms)
				ProcessInitializeOnLoadMethodAttributes (17ms)
				AfterProcessingInitializeOnLoad (2ms)
				EditorAssembliesLoaded (0ms)
			ExecutionOrderSort2 (0ms)
			AwakeInstancesAfterBackupRestoration (9ms)
Platform modules already initialized, skipping
========================================================================
Worker process is ready to serve import requests
Launched and connected shader compiler UnityShaderCompiler.exe after 0.06 seconds
Refreshing native plugins compatible for Editor in 0.57 ms, found 3 plugins.
Preloading 0 native plugins for Editor in 0.00 ms.
Unloading 3051 Unused Serialized files (Serialized files now loaded: 0)
Unloading 22 unused Assets / (56.5 KB). Loaded Objects now: 3531.
Memory consumption went from 119.8 MB to 119.8 MB.
Total: 2.650600 ms (FindLiveObjects: 0.257100 ms CreateObjectMapping: 0.079900 ms MarkObjects: 2.223400 ms  DeleteObjects: 0.089500 ms)

AssetImportParameters requested are different than current active one (requested -> active):
  custom:video-decoder-ogg-theora: a1e56fd34408186e4bbccfd4996cb3dc -> 
  custom:container-muxer-webm: aa71ff27fc2769a1b78a27578f13a17b -> 
  custom:container-demuxer-webm: 4f35f7cbe854078d1ac9338744f61a02 -> 
  custom:video-encoder-webm-vp8: eb34c28f22e8b96e1ab97ce403110664 -> 
  custom:audio-encoder-webm-vorbis: bf7c407c2cedff20999df2af8eb42d56 -> 
  custom:framework-win-MediaFoundation: 216162199b28c13a410421893ffa2e32 -> 
  custom:container-demuxer-ogg: 62fdf1f143b41e24485cea50d1cbac27 -> 
  custom:video-decoder-webm-vp8: 9c59270c3fd7afecdb556c50c9e8de78 -> 
  custom:audio-decoder-ogg-vorbis: bf7c407c2cedff20999df2af8eb42d56 -> 
========================================================================
Received Import Request.
  Time since last request: 14416.238719 seconds.
  path: Assets/Handpainted_Grass_and_Ground_Textures/Textures/Grass/Grass_swamp_dark/Grass_swamp_dark_up.png
  artifactKey: Guid(62a8bc25af5c388458823063b0415e1f) Importer(815301076,1909f56bfc062723c751e8b465ee728b)
Start importing Assets/Handpainted_Grass_and_Ground_Textures/Textures/Grass/Grass_swamp_dark/Grass_swamp_dark_up.png using Guid(62a8bc25af5c388458823063b0415e1f) Importer(815301076,1909f56bfc062723c751e8b465ee728b)  -> (artifact id: '9b3819273c2de710bce4f1a8885462f3') in 0.209869 seconds 
========================================================================
Received Import Request.
  Time since last request: 0.000017 seconds.
  path: Assets/Handpainted_Grass_and_Ground_Textures/Textures/Grass/Grass_swamp_lighted/Grass_swamp_lighted_left.png
  artifactKey: Guid(83dde0a0a7b84a748abb0f5e31467c41) Importer(815301076,1909f56bfc062723c751e8b465ee728b)
Start importing Assets/Handpainted_Grass_and_Ground_Textures/Textures/Grass/Grass_swamp_lighted/Grass_swamp_lighted_left.png using Guid(83dde0a0a7b84a748abb0f5e31467c41) Importer(815301076,1909f56bfc062723c751e8b465ee728b)  -> (artifact id: '9aa2cfd45bbc121690ebffa86de031da') in 0.125112 seconds 
========================================================================
Received Import Request.
  Time since last request: 0.000026 seconds.
  path: Assets/Handpainted_Grass_and_Ground_Textures/Textures/Grass/Grass_swamp_lighted/Grass_swamp_lighted_down.png
  artifactKey: Guid(c6d3dfb14834d2642842e5bc8bdf6c8a) Importer(815301076,1909f56bfc062723c751e8b465ee728b)
Start importing Assets/Handpainted_Grass_and_Ground_Textures/Textures/Grass/Grass_swamp_lighted/Grass_swamp_lighted_down.png using Guid(c6d3dfb14834d2642842e5bc8bdf6c8a) Importer(815301076,1909f56bfc062723c751e8b465ee728b)  -> (artifact id: '5021b64c066761b425300016a1ecd39d') in 0.104595 seconds 
========================================================================
Received Import Request.
  Time since last request: 0.181197 seconds.
  path: Assets/Handpainted_Grass_and_Ground_Textures/Textures/Grass/Grass_swamp_normal/Grass_swamp_normal_left.png
  artifactKey: Guid(23dbddfba2811ae4bbbcbcffa26a5eda) Importer(815301076,1909f56bfc062723c751e8b465ee728b)
Start importing Assets/Handpainted_Grass_and_Ground_Textures/Textures/Grass/Grass_swamp_normal/Grass_swamp_normal_left.png using Guid(23dbddfba2811ae4bbbcbcffa26a5eda) Importer(815301076,1909f56bfc062723c751e8b465ee728b)  -> (artifact id: '33a7ea87d50b4858fe9b4bcba68207f5') in 0.145539 seconds 
========================================================================
Received Import Request.
  Time since last request: 0.061547 seconds.
  path: Assets/Handpainted_Grass_and_Ground_Textures/Textures/Grass/Grass_swamp_normal/Grass_swamp_normal_up.png
  artifactKey: Guid(7f9cef2ef4dd02d4c9ffdf0b77dc74ea) Importer(815301076,1909f56bfc062723c751e8b465ee728b)
Start importing Assets/Handpainted_Grass_and_Ground_Textures/Textures/Grass/Grass_swamp_normal/Grass_swamp_normal_up.png using Guid(7f9cef2ef4dd02d4c9ffdf0b77dc74ea) Importer(815301076,1909f56bfc062723c751e8b465ee728b)  -> (artifact id: '500d840dc8e39de4911f5a2573fa93ce') in 0.184749 seconds 
========================================================================
Received Import Request.
  Time since last request: 13.176034 seconds.
  path: Assets/Handpainted_Grass_and_Ground_Textures/Demo/terrain_layers/dirt_clay_left.terrainlayer
  artifactKey: Guid(c713baf133ac7f840b6e5f2a7e1fcdc7) Importer(815301076,1909f56bfc062723c751e8b465ee728b)
Start importing Assets/Handpainted_Grass_and_Ground_Textures/Demo/terrain_layers/dirt_clay_left.terrainlayer using Guid(c713baf133ac7f840b6e5f2a7e1fcdc7) Importer(815301076,1909f56bfc062723c751e8b465ee728b)  -> (artifact id: '8a9ccc0de78d96da7e6479780e2d6173') in 0.071928 seconds 
========================================================================
Received Import Request.
  Time since last request: 0.000018 seconds.
  path: Assets/Handpainted_Grass_and_Ground_Textures/Demo/terrain_layers/dirt_claydarked_up.terrainlayer
  artifactKey: Guid(8d1901c5994c2e845b5026dcbc721c13) Importer(815301076,1909f56bfc062723c751e8b465ee728b)
Start importing Assets/Handpainted_Grass_and_Ground_Textures/Demo/terrain_layers/dirt_claydarked_up.terrainlayer using Guid(8d1901c5994c2e845b5026dcbc721c13) Importer(815301076,1909f56bfc062723c751e8b465ee728b)  -> (artifact id: 'bba5f604322c9239d384f248267546a6') in 0.011074 seconds 
========================================================================
Received Import Request.
  Time since last request: 0.000023 seconds.
  path: Assets/Handpainted_Grass_and_Ground_Textures/Demo/terrain_layers/dirt_claydarked_right.terrainlayer
  artifactKey: Guid(79459100015b83e448ec508ceae4fc57) Importer(815301076,1909f56bfc062723c751e8b465ee728b)
Start importing Assets/Handpainted_Grass_and_Ground_Textures/Demo/terrain_layers/dirt_claydarked_right.terrainlayer using Guid(79459100015b83e448ec508ceae4fc57) Importer(815301076,1909f56bfc062723c751e8b465ee728b)  -> (artifact id: '525b7f4a4599943a358aaac6a18eb6e3') in 0.009144 seconds 
========================================================================
Received Import Request.
  Time since last request: 1.041863 seconds.
  path: Assets/Handpainted_Grass_and_Ground_Textures/Demo/terrain_layers/dirt_corrupted_left.terrainlayer
  artifactKey: Guid(01fdb5ede7bc71744bebfca6e00634c0) Importer(815301076,1909f56bfc062723c751e8b465ee728b)
Start importing Assets/Handpainted_Grass_and_Ground_Textures/Demo/terrain_layers/dirt_corrupted_left.terrainlayer using Guid(01fdb5ede7bc71744bebfca6e00634c0) Importer(815301076,1909f56bfc062723c751e8b465ee728b)  -> (artifact id: '989ff455bee3639b0c96afd4cc2e28a2') in 0.009475 seconds 
========================================================================
Received Import Request.
  Time since last request: 0.086396 seconds.
  path: Assets/Handpainted_Grass_and_Ground_Textures/Demo/terrain_layers/dirt_corrupted_lighted_left.terrainlayer
  artifactKey: Guid(732b43abd374c374d978d756f1c4a5ac) Importer(815301076,1909f56bfc062723c751e8b465ee728b)
Start importing Assets/Handpainted_Grass_and_Ground_Textures/Demo/terrain_layers/dirt_corrupted_lighted_left.terrainlayer using Guid(732b43abd374c374d978d756f1c4a5ac) Importer(815301076,1909f56bfc062723c751e8b465ee728b)  -> (artifact id: '043e72eddcaea36982e95377c0b30a6e') in 0.008561 seconds 
========================================================================
Received Import Request.
  Time since last request: 0.055770 seconds.
  path: Assets/Handpainted_Grass_and_Ground_Textures/Demo/terrain_layers/dirt_corrupted_lighted_up.terrainlayer
  artifactKey: Guid(1144b24d6a50b464ea2e952561a6f7e1) Importer(815301076,1909f56bfc062723c751e8b465ee728b)
Start importing Assets/Handpainted_Grass_and_Ground_Textures/Demo/terrain_layers/dirt_corrupted_lighted_up.terrainlayer using Guid(1144b24d6a50b464ea2e952561a6f7e1) Importer(815301076,1909f56bfc062723c751e8b465ee728b)  -> (artifact id: '64911ba0827f4ca6a2a543931bb26b19') in 0.009404 seconds 
========================================================================
Received Import Request.
  Time since last request: 0.630032 seconds.
  path: Assets/Handpainted_Grass_and_Ground_Textures/Demo/terrain_layers/dirt_corrupted_up.terrainlayer
  artifactKey: Guid(299e03f60c444014eb427319d96ae48e) Importer(815301076,1909f56bfc062723c751e8b465ee728b)
Start importing Assets/Handpainted_Grass_and_Ground_Textures/Demo/terrain_layers/dirt_corrupted_up.terrainlayer using Guid(299e03f60c444014eb427319d96ae48e) Importer(815301076,1909f56bfc062723c751e8b465ee728b)  -> (artifact id: '3f1d17859747992ff3ca9390f583f2bf') in 0.010619 seconds 
========================================================================
Received Import Request.
  Time since last request: 0.019900 seconds.
  path: Assets/Handpainted_Grass_and_Ground_Textures/Demo/terrain_layers/dirt_desatured_left.terrainlayer
  artifactKey: Guid(d59394a29b2bc2b429127e902d2bb590) Importer(815301076,1909f56bfc062723c751e8b465ee728b)
Start importing Assets/Handpainted_Grass_and_Ground_Textures/Demo/terrain_layers/dirt_desatured_left.terrainlayer using Guid(d59394a29b2bc2b429127e902d2bb590) Importer(815301076,1909f56bfc062723c751e8b465ee728b)  -> (artifact id: 'df864b0af4a8dde9633c2fa8ed5c2e13') in 0.010240 seconds 
========================================================================
Received Import Request.
  Time since last request: 0.009047 seconds.
  path: Assets/Handpainted_Grass_and_Ground_Textures/Demo/terrain_layers/dirt_desatured_rocks_down.terrainlayer
  artifactKey: Guid(54892ecdba355f54f996d94cfcff41a2) Importer(815301076,1909f56bfc062723c751e8b465ee728b)
Start importing Assets/Handpainted_Grass_and_Ground_Textures/Demo/terrain_layers/dirt_desatured_rocks_down.terrainlayer using Guid(54892ecdba355f54f996d94cfcff41a2) Importer(815301076,1909f56bfc062723c751e8b465ee728b)  -> (artifact id: '413ad804f243efc732d945c00ab094ca') in 0.009766 seconds 
========================================================================
Received Import Request.
  Time since last request: 0.009805 seconds.
  path: Assets/Handpainted_Grass_and_Ground_Textures/Demo/terrain_layers/dirt_desatured_rocks_right.terrainlayer
  artifactKey: Guid(623b445a6e0248847a90129992558440) Importer(815301076,1909f56bfc062723c751e8b465ee728b)
Start importing Assets/Handpainted_Grass_and_Ground_Textures/Demo/terrain_layers/dirt_desatured_rocks_right.terrainlayer using Guid(623b445a6e0248847a90129992558440) Importer(815301076,1909f56bfc062723c751e8b465ee728b)  -> (artifact id: '8a6726707b3ffa19f8803f87d517959b') in 0.008986 seconds 
========================================================================
Received Import Request.
  Time since last request: 0.208056 seconds.
  path: Assets/Handpainted_Grass_and_Ground_Textures/Demo/terrain_layers/dirt_desatured_up.terrainlayer
  artifactKey: Guid(bcb6b5f0b45e65f41a03dfd1c55f60d3) Importer(815301076,1909f56bfc062723c751e8b465ee728b)
Start importing Assets/Handpainted_Grass_and_Ground_Textures/Demo/terrain_layers/dirt_desatured_up.terrainlayer using Guid(bcb6b5f0b45e65f41a03dfd1c55f60d3) Importer(815301076,1909f56bfc062723c751e8b465ee728b)  -> (artifact id: '25358b5603c3ea5ec37f725576af7e48') in 0.011053 seconds 
========================================================================
Received Import Request.
  Time since last request: 0.042154 seconds.
  path: Assets/Handpainted_Grass_and_Ground_Textures/Demo/terrain_layers/dirt_lighted_rocks_down.terrainlayer
  artifactKey: Guid(d5d5a56e581314b45bc87cf717f146a9) Importer(815301076,1909f56bfc062723c751e8b465ee728b)
Start importing Assets/Handpainted_Grass_and_Ground_Textures/Demo/terrain_layers/dirt_lighted_rocks_down.terrainlayer using Guid(d5d5a56e581314b45bc87cf717f146a9) Importer(815301076,1909f56bfc062723c751e8b465ee728b)  -> (artifact id: 'f9588196d7a70d7f26882427ffe10428') in 0.008728 seconds 
========================================================================
Received Import Request.
  Time since last request: 627.072435 seconds.
  path: Assets
  artifactKey: Guid(00000000000000001000000000000000) Importer(815301076,1909f56bfc062723c751e8b465ee728b)
Start importing Assets using Guid(00000000000000001000000000000000) Importer(815301076,1909f56bfc062723c751e8b465ee728b)  -> (artifact id: '79842766b460edbeab6a34051e857a80') in 0.002113 seconds 
========================================================================
Received Import Request.
  Time since last request: 5.251022 seconds.
  path: Assets/New Material.mat
  artifactKey: Guid(0f147a398d3d2eb4daa275cf95626d0d) Importer(815301076,1909f56bfc062723c751e8b465ee728b)
Start importing Assets/New Material.mat using Guid(0f147a398d3d2eb4daa275cf95626d0d) Importer(815301076,1909f56bfc062723c751e8b465ee728b)  -> (artifact id: '585a9baa3e1ae5c93bb79f94d7d36871') in 0.042117 seconds 
========================================================================
Received Import Request.
  Time since last request: 7.913004 seconds.
  path: Assets/New Material 1.mat
  artifactKey: Guid(88f8b91e62cb00741a2d0a04514cf139) Importer(815301076,1909f56bfc062723c751e8b465ee728b)
Start importing Assets/New Material 1.mat using Guid(88f8b91e62cb00741a2d0a04514cf139) Importer(815301076,1909f56bfc062723c751e8b465ee728b)  -> (artifact id: '502bf05119ffb1cd4d945c787682026c') in 0.020060 seconds 
========================================================================
Received Import Request.
  Time since last request: 0.000019 seconds.
  path: Assets/New Terrain.asset
  artifactKey: Guid(e677ffd654f5392428205c79443bcd7b) Importer(815301076,1909f56bfc062723c751e8b465ee728b)
Start importing Assets/New Terrain.asset using Guid(e677ffd654f5392428205c79443bcd7b) Importer(815301076,1909f56bfc062723c751e8b465ee728b)  -> (artifact id: 'a830a442fb4c6c7fac67704935764a80') in 0.044958 seconds 
========================================================================
Received Import Request.
  Time since last request: 8.881049 seconds.
  path: Assets/New Material 1.mat
  artifactKey: Guid(88f8b91e62cb00741a2d0a04514cf139) Importer(815301076,1909f56bfc062723c751e8b465ee728b)
Start importing Assets/New Material 1.mat using Guid(88f8b91e62cb00741a2d0a04514cf139) Importer(815301076,1909f56bfc062723c751e8b465ee728b)  -> (artifact id: '1a5e80f07cf4e87cf06a05637aafeee5') in 0.012385 seconds 
========================================================================
Received Import Request.
  Time since last request: 154.601050 seconds.
  path: Assets/New Material 1.mat
  artifactKey: Guid(88f8b91e62cb00741a2d0a04514cf139) Importer(815301076,1909f56bfc062723c751e8b465ee728b)
Start importing Assets/New Material 1.mat using Guid(88f8b91e62cb00741a2d0a04514cf139) Importer(815301076,1909f56bfc062723c751e8b465ee728b)  -> (artifact id: '13560be898516c06f8aa87e33dd9a930') in 0.010695 seconds 
========================================================================
Received Import Request.
  Time since last request: 41.831385 seconds.
  path: Assets/SimpleNaturePack/Prefabs/NewLayer.terrainlayer
  artifactKey: Guid(661b1ceffa76ac04aace58d76f51e07a) Importer(815301076,1909f56bfc062723c751e8b465ee728b)
Start importing Assets/SimpleNaturePack/Prefabs/NewLayer.terrainlayer using Guid(661b1ceffa76ac04aace58d76f51e07a) Importer(815301076,1909f56bfc062723c751e8b465ee728b)  -> (artifact id: 'd2a59dfc60dcf16eb48e6420c0a34c0c') in 0.007801 seconds 
========================================================================
Received Import Request.
  Time since last request: 60.334841 seconds.
  path: Packages/com.unity.collab-proxy/Editor/PlasticSCM/Assets/Images/iconaddedlocal.png
  artifactKey: Guid(9a1ab8af8c446204e989a90f18305caf) Importer(815301076,1909f56bfc062723c751e8b465ee728b)
Start importing Packages/com.unity.collab-proxy/Editor/PlasticSCM/Assets/Images/iconaddedlocal.png using Guid(9a1ab8af8c446204e989a90f18305caf) Importer(815301076,1909f56bfc062723c751e8b465ee728b)  -> (artifact id: '3e7bcbdeed2ea01e76ef66eb493b56c4') in 0.019485 seconds 
========================================================================
Received Import Request.
  Time since last request: 0.031276 seconds.
  path: Packages/com.unity.collab-proxy/Editor/PlasticSCM/Assets/Images/iconaddedoverlay@2x.png
  artifactKey: Guid(74ef721fef79c44489d4e3edb0ab0c01) Importer(815301076,1909f56bfc062723c751e8b465ee728b)
Start importing Packages/com.unity.collab-proxy/Editor/PlasticSCM/Assets/Images/iconaddedoverlay@2x.png using Guid(74ef721fef79c44489d4e3edb0ab0c01) Importer(815301076,1909f56bfc062723c751e8b465ee728b)  -> (artifact id: '2a2dcd5f5d5379edc0faa57a7bb8d10a') in 0.031528 seconds 
========================================================================
Received Import Request.
  Time since last request: 0.025775 seconds.
  path: Packages/com.unity.collab-proxy/Editor/PlasticSCM/Assets/Images/iconbranch@2x.png
  artifactKey: Guid(e45389a8a97044d4caf408f252370632) Importer(815301076,1909f56bfc062723c751e8b465ee728b)
Start importing Packages/com.unity.collab-proxy/Editor/PlasticSCM/Assets/Images/iconbranch@2x.png using Guid(e45389a8a97044d4caf408f252370632) Importer(815301076,1909f56bfc062723c751e8b465ee728b)  -> (artifact id: '4a1d9999fd0d40d74e692dc3a9219c4d') in 0.034048 seconds 
========================================================================
Received Import Request.
  Time since last request: 0.000012 seconds.
  path: Packages/com.unity.collab-proxy/Editor/PlasticSCM/Assets/Images/iconclosebutton.png
  artifactKey: Guid(13527793884104b46b7446fd7464c3ed) Importer(815301076,1909f56bfc062723c751e8b465ee728b)
Start importing Packages/com.unity.collab-proxy/Editor/PlasticSCM/Assets/Images/iconclosebutton.png using Guid(13527793884104b46b7446fd7464c3ed) Importer(815301076,1909f56bfc062723c751e8b465ee728b)  -> (artifact id: '3bb3aa70998455a61c9ce7ba396cc9d3') in 0.035817 seconds 
========================================================================
Received Import Request.
  Time since last request: 0.000015 seconds.
  path: Packages/com.unity.collab-proxy/Editor/PlasticSCM/Assets/Images/iconconflicted@2x.png
  artifactKey: Guid(f95f697d66d238446b1ab717def09945) Importer(815301076,1909f56bfc062723c751e8b465ee728b)
Start importing Packages/com.unity.collab-proxy/Editor/PlasticSCM/Assets/Images/iconconflicted@2x.png using Guid(f95f697d66d238446b1ab717def09945) Importer(815301076,1909f56bfc062723c751e8b465ee728b)  -> (artifact id: '7c7c2a80fbba53c494d12e03b964599e') in 0.060774 seconds 
========================================================================
Received Import Request.
  Time since last request: 0.000016 seconds.
  path: Packages/com.unity.collab-proxy/Editor/PlasticSCM/Assets/Images/iconconflictresolvedoverlay@2x.png
  artifactKey: Guid(309b1d5a294fd6c43ae9cf77656c1852) Importer(815301076,1909f56bfc062723c751e8b465ee728b)
Start importing Packages/com.unity.collab-proxy/Editor/PlasticSCM/Assets/Images/iconconflictresolvedoverlay@2x.png using Guid(309b1d5a294fd6c43ae9cf77656c1852) Importer(815301076,1909f56bfc062723c751e8b465ee728b)  -> (artifact id: 'd528bc436ec789a44c8aa45225d65ddd') in 0.052312 seconds 
========================================================================
Received Import Request.
  Time since last request: 0.000018 seconds.
  path: Packages/com.unity.collab-proxy/Editor/PlasticSCM/Assets/Images/icondeletedlocaloverlay@2x.png
  artifactKey: Guid(a3e491f99ea3ad74f8731ca93e84c497) Importer(815301076,1909f56bfc062723c751e8b465ee728b)
Start importing Packages/com.unity.collab-proxy/Editor/PlasticSCM/Assets/Images/icondeletedlocaloverlay@2x.png using Guid(a3e491f99ea3ad74f8731ca93e84c497) Importer(815301076,1909f56bfc062723c751e8b465ee728b)  -> (artifact id: '47303db9fd46b7fbfe4556640e89d439') in 0.040986 seconds 
========================================================================
Received Import Request.
  Time since last request: 0.000013 seconds.
  path: Packages/com.unity.collab-proxy/Editor/PlasticSCM/Assets/Images/icondeletedremote.png
  artifactKey: Guid(b85a4b2ec6433d04895612d791edc260) Importer(815301076,1909f56bfc062723c751e8b465ee728b)
Start importing Packages/com.unity.collab-proxy/Editor/PlasticSCM/Assets/Images/icondeletedremote.png using Guid(b85a4b2ec6433d04895612d791edc260) Importer(815301076,1909f56bfc062723c751e8b465ee728b)  -> (artifact id: '0aaabaf7d6e92508bc065bbb2d673f20') in 0.030507 seconds 
========================================================================
Received Import Request.
  Time since last request: 0.079129 seconds.
  path: Packages/com.unity.collab-proxy/Editor/PlasticSCM/Assets/Images/icondeletedremote@2x.png
  artifactKey: Guid(70e3ce8ad01f39248a3ea97a35bcf238) Importer(815301076,1909f56bfc062723c751e8b465ee728b)
Start importing Packages/com.unity.collab-proxy/Editor/PlasticSCM/Assets/Images/icondeletedremote@2x.png using Guid(70e3ce8ad01f39248a3ea97a35bcf238) Importer(815301076,1909f56bfc062723c751e8b465ee728b)  -> (artifact id: 'e54da220dfd77667490a663bb59659c1') in 0.010810 seconds 
========================================================================
Received Import Request.
  Time since last request: 0.051775 seconds.
  path: Packages/com.unity.collab-proxy/Editor/PlasticSCM/Assets/Images/iconemptygravatar.png
  artifactKey: Guid(91976e8b9ce0f0341838727acd55621c) Importer(815301076,1909f56bfc062723c751e8b465ee728b)
Start importing Packages/com.unity.collab-proxy/Editor/PlasticSCM/Assets/Images/iconemptygravatar.png using Guid(91976e8b9ce0f0341838727acd55621c) Importer(815301076,1909f56bfc062723c751e8b465ee728b)  -> (artifact id: '4034413cc8a238199a3d3e4ec52ef304') in 0.042952 seconds 
========================================================================
Received Import Request.
  Time since last request: 0.000014 seconds.
  path: Packages/com.unity.collab-proxy/Editor/PlasticSCM/Assets/Images/iconlockedlocaloverlay@2x.png
  artifactKey: Guid(b528c1b33a65cf94ea74f830b54c9acb) Importer(815301076,1909f56bfc062723c751e8b465ee728b)
Start importing Packages/com.unity.collab-proxy/Editor/PlasticSCM/Assets/Images/iconlockedlocaloverlay@2x.png using Guid(b528c1b33a65cf94ea74f830b54c9acb) Importer(815301076,1909f56bfc062723c751e8b465ee728b)  -> (artifact id: 'a4d386ea59af3ae8a9574394660bc579') in 0.048750 seconds 
========================================================================
Received Import Request.
  Time since last request: 0.000016 seconds.
  path: Packages/com.unity.collab-proxy/Editor/PlasticSCM/Assets/Images/iconmoved.png
  artifactKey: Guid(8a6cca56e2b63344eb4769cd92d93ffb) Importer(815301076,1909f56bfc062723c751e8b465ee728b)
Start importing Packages/com.unity.collab-proxy/Editor/PlasticSCM/Assets/Images/iconmoved.png using Guid(8a6cca56e2b63344eb4769cd92d93ffb) Importer(815301076,1909f56bfc062723c751e8b465ee728b)  -> (artifact id: '27fb7b7f6f47027103f5c1596cfce0a3') in 0.062730 seconds 
========================================================================
Received Import Request.
  Time since last request: 0.000015 seconds.
  path: Packages/com.unity.collab-proxy/Editor/PlasticSCM/Assets/Images/iconlockedremoteoverlay@2x.png
  artifactKey: Guid(f73a7d8758d7be04588b15637d94b5a8) Importer(815301076,1909f56bfc062723c751e8b465ee728b)
Start importing Packages/com.unity.collab-proxy/Editor/PlasticSCM/Assets/Images/iconlockedremoteoverlay@2x.png using Guid(f73a7d8758d7be04588b15637d94b5a8) Importer(815301076,1909f56bfc062723c751e8b465ee728b)  -> (artifact id: '700930f5a900bec4a135d63d30c92e19') in 0.033721 seconds 
========================================================================
Received Import Request.
  Time since last request: 0.000014 seconds.
  path: Packages/com.unity.collab-proxy/Editor/PlasticSCM/Assets/Images/iconmergelink.png
  artifactKey: Guid(120bf54dff785a0429b068b814e9c12a) Importer(815301076,1909f56bfc062723c751e8b465ee728b)
Start importing Packages/com.unity.collab-proxy/Editor/PlasticSCM/Assets/Images/iconmergelink.png using Guid(120bf54dff785a0429b068b814e9c12a) Importer(815301076,1909f56bfc062723c751e8b465ee728b)  -> (artifact id: '6232cbc97b502bc9bd80f05c4d630f6b') in 0.031895 seconds 
========================================================================
Received Import Request.
  Time since last request: 0.000023 seconds.
  path: Packages/com.unity.collab-proxy/Editor/PlasticSCM/Assets/Images/iconrepository.png
  artifactKey: Guid(ed64f3a17f2ede646be21ed6edc9161a) Importer(815301076,1909f56bfc062723c751e8b465ee728b)
Start importing Packages/com.unity.collab-proxy/Editor/PlasticSCM/Assets/Images/iconrepository.png using Guid(ed64f3a17f2ede646be21ed6edc9161a) Importer(815301076,1909f56bfc062723c751e8b465ee728b)  -> (artifact id: '047a24d24f8bd90e44f296aeb562cc11') in 0.037788 seconds 
========================================================================
Received Import Request.
  Time since last request: 0.000018 seconds.
  path: Packages/com.unity.collab-proxy/Editor/PlasticSCM/Assets/Images/iconundo@2x.png
  artifactKey: Guid(0dfbb2b6ddcdd254da80e3418498b3a6) Importer(815301076,1909f56bfc062723c751e8b465ee728b)
Start importing Packages/com.unity.collab-proxy/Editor/PlasticSCM/Assets/Images/iconundo@2x.png using Guid(0dfbb2b6ddcdd254da80e3418498b3a6) Importer(815301076,1909f56bfc062723c751e8b465ee728b)  -> (artifact id: '67d6a1decc5b47814549272608f47dce') in 0.024455 seconds 
========================================================================
Received Import Request.
  Time since last request: 0.000019 seconds.
  path: Packages/com.unity.collab-proxy/Editor/PlasticSCM/Assets/Images/iconplasticview@2x.png
  artifactKey: Guid(97a4e2b6ae08b1140a5ba9e22953e029) Importer(815301076,1909f56bfc062723c751e8b465ee728b)
Start importing Packages/com.unity.collab-proxy/Editor/PlasticSCM/Assets/Images/iconplasticview@2x.png using Guid(97a4e2b6ae08b1140a5ba9e22953e029) Importer(815301076,1909f56bfc062723c751e8b465ee728b)  -> (artifact id: '20cd666f66e8caeb89cb721973c01416') in 0.020254 seconds 
========================================================================
Received Import Request.
  Time since last request: 0.000016 seconds.
  path: Packages/com.unity.collab-proxy/Editor/PlasticSCM/Assets/Images/iconplastic.png
  artifactKey: Guid(3042b019b052942a1baf7aa49d7ca6bb) Importer(815301076,1909f56bfc062723c751e8b465ee728b)
Start importing Packages/com.unity.collab-proxy/Editor/PlasticSCM/Assets/Images/iconplastic.png using Guid(3042b019b052942a1baf7aa49d7ca6bb) Importer(815301076,1909f56bfc062723c751e8b465ee728b)  -> (artifact id: '695e93b1bdabc98df6d0d37dc2336bbf') in 0.037955 seconds 
========================================================================
Received Import Request.
  Time since last request: 0.000015 seconds.
  path: Packages/com.unity.collab-proxy/Editor/PlasticSCM/Assets/Images/refresh@2x.png
  artifactKey: Guid(59571f82a0dc1a14da606dc0df6f8ea7) Importer(815301076,1909f56bfc062723c751e8b465ee728b)
Start importing Packages/com.unity.collab-proxy/Editor/PlasticSCM/Assets/Images/refresh@2x.png using Guid(59571f82a0dc1a14da606dc0df6f8ea7) Importer(815301076,1909f56bfc062723c751e8b465ee728b)  -> (artifact id: 'dfd956776691a1069b6e07aedb67b815') in 0.060419 seconds 
========================================================================
Received Import Request.
  Time since last request: 0.000016 seconds.
  path: Packages/com.unity.collab-proxy/Editor/PlasticSCM/Assets/Images/iconplasticnotifyconflict@2x.png
  artifactKey: Guid(6e0a54826ffc3ee46b0aa3e1c1575a69) Importer(815301076,1909f56bfc062723c751e8b465ee728b)
Start importing Packages/com.unity.collab-proxy/Editor/PlasticSCM/Assets/Images/iconplasticnotifyconflict@2x.png using Guid(6e0a54826ffc3ee46b0aa3e1c1575a69) Importer(815301076,1909f56bfc062723c751e8b465ee728b)  -> (artifact id: '0046476004e5a3218a65541b53fbb810') in 0.038031 seconds 
========================================================================
Received Import Request.
  Time since last request: 0.000021 seconds.
  path: Packages/com.unity.collab-proxy/Editor/PlasticSCM/Assets/Images/iconpressedclosebutton.png
  artifactKey: Guid(94fe868620119564f9474f40cd6145aa) Importer(815301076,1909f56bfc062723c751e8b465ee728b)
Start importing Packages/com.unity.collab-proxy/Editor/PlasticSCM/Assets/Images/iconpressedclosebutton.png using Guid(94fe868620119564f9474f40cd6145aa) Importer(815301076,1909f56bfc062723c751e8b465ee728b)  -> (artifact id: 'e031b7d0d9054ba0a8b9f941c92192ec') in 0.027858 seconds 
========================================================================
Received Import Request.
  Time since last request: 0.000014 seconds.
  path: Packages/com.unity.collab-proxy/Editor/PlasticSCM/Assets/Images/ignored.png
  artifactKey: Guid(595bc97bc8e1e0b46bd4c2148ba3723a) Importer(815301076,1909f56bfc062723c751e8b465ee728b)
Start importing Packages/com.unity.collab-proxy/Editor/PlasticSCM/Assets/Images/ignored.png using Guid(595bc97bc8e1e0b46bd4c2148ba3723a) Importer(815301076,1909f56bfc062723c751e8b465ee728b)  -> (artifact id: 'bce31c54a56b69bf0c4bd0dce8970981') in 0.039351 seconds 
========================================================================
Received Import Request.
  Time since last request: 0.000012 seconds.
  path: Assets/SimpleNaturePack/Textures/NaturePackLite_Texture_01.png
  artifactKey: Guid(28a51d508c86a8948b59df81d5188b17) Importer(815301076,1909f56bfc062723c751e8b465ee728b)
Start importing Assets/SimpleNaturePack/Textures/NaturePackLite_Texture_01.png using Guid(28a51d508c86a8948b59df81d5188b17) Importer(815301076,1909f56bfc062723c751e8b465ee728b)  -> (artifact id: 'b152d6a80ed70cee5232a1c949642232') in 0.027161 seconds 
========================================================================
Received Import Request.
  Time since last request: 0.000016 seconds.
  path: Packages/com.unity.collab-proxy/Editor/PlasticSCM/Assets/Images/iconprivateoverlay@2x.png
  artifactKey: Guid(40685941c1361aa4a957b61174bce3f6) Importer(815301076,1909f56bfc062723c751e8b465ee728b)
Start importing Packages/com.unity.collab-proxy/Editor/PlasticSCM/Assets/Images/iconprivateoverlay@2x.png using Guid(40685941c1361aa4a957b61174bce3f6) Importer(815301076,1909f56bfc062723c751e8b465ee728b)  -> (artifact id: '39740fc37fd247b138ffbb76c5d32182') in 0.026883 seconds 
========================================================================
Received Import Request.
  Time since last request: 0.000016 seconds.
  path: Assets/Handpainted_Grass_and_Ground_Textures/Textures/Snow/snow_dark.png
  artifactKey: Guid(168ed7b3c5d0c8f438a62bbfbb32514a) Importer(815301076,1909f56bfc062723c751e8b465ee728b)
Start importing Assets/Handpainted_Grass_and_Ground_Textures/Textures/Snow/snow_dark.png using Guid(168ed7b3c5d0c8f438a62bbfbb32514a) Importer(815301076,1909f56bfc062723c751e8b465ee728b)  -> (artifact id: 'c9576063d28ef196648c8429acd92cc6') in 0.208344 seconds 
========================================================================
Received Import Request.
  Time since last request: 0.000015 seconds.
  path: Assets/Handpainted_Grass_and_Ground_Textures/Textures/Snow/snow_dark_step_002.png
  artifactKey: Guid(2826a1d0587eb884fa46e577b80311bf) Importer(815301076,1909f56bfc062723c751e8b465ee728b)
Start importing Assets/Handpainted_Grass_and_Ground_Textures/Textures/Snow/snow_dark_step_002.png using Guid(2826a1d0587eb884fa46e577b80311bf) Importer(815301076,1909f56bfc062723c751e8b465ee728b)  -> (artifact id: '530be14360f920d91e7d68fa31ea9580') in 0.187153 seconds 
========================================================================
Received Import Request.
  Time since last request: 0.000020 seconds.
  path: Assets/Handpainted_Grass_and_Ground_Textures/Textures/Snow/snow_dark_step_005.png
  artifactKey: Guid(cdf5143628bf7444ea06f268c1cfddb4) Importer(815301076,1909f56bfc062723c751e8b465ee728b)
Start importing Assets/Handpainted_Grass_and_Ground_Textures/Textures/Snow/snow_dark_step_005.png using Guid(cdf5143628bf7444ea06f268c1cfddb4) Importer(815301076,1909f56bfc062723c751e8b465ee728b)  -> (artifact id: '91e92113229d298740dfd0bde87bdc9f') in 0.286238 seconds 
========================================================================
Received Import Request.
  Time since last request: 0.000017 seconds.
  path: Assets/Handpainted_Grass_and_Ground_Textures/Textures/Snow/snow_dark_step_004.png
  artifactKey: Guid(3cfa05b503949ef498b3ab1b25245135) Importer(815301076,1909f56bfc062723c751e8b465ee728b)
Start importing Assets/Handpainted_Grass_and_Ground_Textures/Textures/Snow/snow_dark_step_004.png using Guid(3cfa05b503949ef498b3ab1b25245135) Importer(815301076,1909f56bfc062723c751e8b465ee728b)  -> (artifact id: 'ea9ca6ef282e7d9eb1ba049e91ce0724') in 0.166141 seconds 
========================================================================
Received Import Request.
  Time since last request: 1.521898 seconds.
  path: Assets/Handpainted_Grass_and_Ground_Textures/Textures/Snow/snow_normal.png
  artifactKey: Guid(75b807f3d28ec1644aeac1e8f4a2d857) Importer(815301076,1909f56bfc062723c751e8b465ee728b)
Start importing Assets/Handpainted_Grass_and_Ground_Textures/Textures/Snow/snow_normal.png using Guid(75b807f3d28ec1644aeac1e8f4a2d857) Importer(815301076,1909f56bfc062723c751e8b465ee728b)  -> (artifact id: '7f2dc289a7be7086c3d7b3391f5f1aaa') in 0.237073 seconds 
========================================================================
Received Import Request.
  Time since last request: 0.000015 seconds.
  path: Assets/Handpainted_Grass_and_Ground_Textures/Textures/Snow/snow_step_007.png
  artifactKey: Guid(acf74e6093c374f47b71acab15537e5a) Importer(815301076,1909f56bfc062723c751e8b465ee728b)
Start importing Assets/Handpainted_Grass_and_Ground_Textures/Textures/Snow/snow_step_007.png using Guid(acf74e6093c374f47b71acab15537e5a) Importer(815301076,1909f56bfc062723c751e8b465ee728b)  -> (artifact id: '4dbeab87d0a599306dd888298b11d60b') in 0.375601 seconds 
========================================================================
Received Import Request.
  Time since last request: 0.000018 seconds.
  path: Assets/Handpainted_Grass_and_Ground_Textures/Textures/Snow/snow_super_dark_step_007.png
  artifactKey: Guid(fc1d5bb3816d590439581cef1f715162) Importer(815301076,1909f56bfc062723c751e8b465ee728b)
Start importing Assets/Handpainted_Grass_and_Ground_Textures/Textures/Snow/snow_super_dark_step_007.png using Guid(fc1d5bb3816d590439581cef1f715162) Importer(815301076,1909f56bfc062723c751e8b465ee728b)  -> (artifact id: '543a6d2b9b54950c8c79a6653e91d287') in 0.190830 seconds 
========================================================================
Received Import Request.
  Time since last request: 0.000016 seconds.
  path: Assets/Handpainted_Grass_and_Ground_Textures/Textures/Snow/snow_step_003.png
  artifactKey: Guid(d2b861fad968c574c9312f5ce9c8fbb0) Importer(815301076,1909f56bfc062723c751e8b465ee728b)
Start importing Assets/Handpainted_Grass_and_Ground_Textures/Textures/Snow/snow_step_003.png using Guid(d2b861fad968c574c9312f5ce9c8fbb0) Importer(815301076,1909f56bfc062723c751e8b465ee728b)  -> (artifact id: '99a400e290ba1efbe3c302ce73304f90') in 0.347507 seconds 
========================================================================
Received Import Request.
  Time since last request: 0.000015 seconds.
  path: Packages/com.unity.timeline/Editor/StyleSheets/Images/Shared/TimelineDisplay.png
  artifactKey: Guid(03ae22b9de3989144a9bebf8972b4fad) Importer(815301076,1909f56bfc062723c751e8b465ee728b)
Start importing Packages/com.unity.timeline/Editor/StyleSheets/Images/Shared/TimelineDisplay.png using Guid(03ae22b9de3989144a9bebf8972b4fad) Importer(815301076,1909f56bfc062723c751e8b465ee728b)  -> (artifact id: 'd5844e68df877affa15a41c538742454') in 0.083338 seconds 
========================================================================
Received Import Request.
  Time since last request: 0.000019 seconds.
  path: Packages/com.unity.timeline/Editor/StyleSheets/Images/DarkSkin/TimelineAutokey_active@2x.png
  artifactKey: Guid(183f7b7549219ab47becb461a16df882) Importer(815301076,1909f56bfc062723c751e8b465ee728b)
Start importing Packages/com.unity.timeline/Editor/StyleSheets/Images/DarkSkin/TimelineAutokey_active@2x.png using Guid(183f7b7549219ab47becb461a16df882) Importer(815301076,1909f56bfc062723c751e8b465ee728b)  -> (artifact id: '822ee5e02b8cc2d827e81a0b1a8ef60b') in 0.077312 seconds 
========================================================================
Received Import Request.
  Time since last request: 0.000013 seconds.
  path: Packages/com.unity.timeline/Editor/StyleSheets/Images/Icons/TimelineHeaderMarkerIcon.png
  artifactKey: Guid(bf1debab21103154b99778ba6e074175) Importer(815301076,1909f56bfc062723c751e8b465ee728b)
Start importing Packages/com.unity.timeline/Editor/StyleSheets/Images/Icons/TimelineHeaderMarkerIcon.png using Guid(bf1debab21103154b99778ba6e074175) Importer(815301076,1909f56bfc062723c751e8b465ee728b)  -> (artifact id: '2abdac2363150bef07fefc2410709ef3') in 0.130325 seconds 
========================================================================
Received Import Request.
  Time since last request: 0.000018 seconds.
  path: Packages/com.unity.timeline/Editor/StyleSheets/Images/LightSkin/TimelineAutokey.png
  artifactKey: Guid(af3aec622aef40c45813b39e405966a3) Importer(815301076,1909f56bfc062723c751e8b465ee728b)
Start importing Packages/com.unity.timeline/Editor/StyleSheets/Images/LightSkin/TimelineAutokey.png using Guid(af3aec622aef40c45813b39e405966a3) Importer(815301076,1909f56bfc062723c751e8b465ee728b)  -> (artifact id: '24d5c252bd0dd6bc8ad33d47f0c38873') in 0.180354 seconds 
========================================================================
Received Import Request.
  Time since last request: 0.000019 seconds.
  path: Assets/Handpainted_Grass_and_Ground_Textures/Textures/Snow/snow_super_dark_step_002.png
  artifactKey: Guid(84bb7ba2fb5ef634886aaa8fc78b15a3) Importer(815301076,1909f56bfc062723c751e8b465ee728b)
Start importing Assets/Handpainted_Grass_and_Ground_Textures/Textures/Snow/snow_super_dark_step_002.png using Guid(84bb7ba2fb5ef634886aaa8fc78b15a3) Importer(815301076,1909f56bfc062723c751e8b465ee728b)  -> (artifact id: 'a67a391e1776a4581bff8ccf58852dde') in 0.352242 seconds 
========================================================================
Received Import Request.
  Time since last request: 0.000014 seconds.
  path: Packages/com.unity.timeline/Editor/StyleSheets/Images/Icons/TimelineEditModeReplaceOFF.png
  artifactKey: Guid(09ae14686a02d484ab41e76fd1efba14) Importer(815301076,1909f56bfc062723c751e8b465ee728b)
Start importing Packages/com.unity.timeline/Editor/StyleSheets/Images/Icons/TimelineEditModeReplaceOFF.png using Guid(09ae14686a02d484ab41e76fd1efba14) Importer(815301076,1909f56bfc062723c751e8b465ee728b)  -> (artifact id: '416fd3608e3d3c52e8c092b4808e56c9') in 0.103770 seconds 
========================================================================
Received Import Request.
  Time since last request: 0.000034 seconds.
  path: Packages/com.unity.timeline/Editor/StyleSheets/Images/Icons/Timeline-Marker-Warning-Overlay.png
  artifactKey: Guid(945f4ecec6df62244b9ebcc363833642) Importer(815301076,1909f56bfc062723c751e8b465ee728b)
Start importing Packages/com.unity.timeline/Editor/StyleSheets/Images/Icons/Timeline-Marker-Warning-Overlay.png using Guid(945f4ecec6df62244b9ebcc363833642) Importer(815301076,1909f56bfc062723c751e8b465ee728b)  -> (artifact id: '0ca22423dbe64943ef7774e1fb059aaa') in 0.058674 seconds 
========================================================================
Received Import Request.
  Time since last request: 0.000015 seconds.
  path: Packages/com.unity.timeline/Editor/StyleSheets/Images/Icons/TimelineCollapseMarkerButtonDisabled.png
  artifactKey: Guid(b80d5b6acdfbc114b9efab6295fd96c1) Importer(815301076,1909f56bfc062723c751e8b465ee728b)
Start importing Packages/com.unity.timeline/Editor/StyleSheets/Images/Icons/TimelineCollapseMarkerButtonDisabled.png using Guid(b80d5b6acdfbc114b9efab6295fd96c1) Importer(815301076,1909f56bfc062723c751e8b465ee728b)  -> (artifact id: '4edd37bc63dd0c02a1f0d529e97b8826') in 0.087854 seconds 
========================================================================
Received Import Request.
  Time since last request: 0.000012 seconds.
  path: Packages/com.unity.timeline/Editor/StyleSheets/Images/LightSkin/TimelineActivation.png
  artifactKey: Guid(2887294cc7f1fe840bff6e349409648d) Importer(815301076,1909f56bfc062723c751e8b465ee728b)
Start importing Packages/com.unity.timeline/Editor/StyleSheets/Images/LightSkin/TimelineActivation.png using Guid(2887294cc7f1fe840bff6e349409648d) Importer(815301076,1909f56bfc062723c751e8b465ee728b)  -> (artifact id: '95c76c9ba919ba2d506754f8b1ac0fcc') in 0.115576 seconds 
========================================================================
Received Import Request.
  Time since last request: 0.000015 seconds.
  path: Assets/Handpainted_Grass_and_Ground_Textures/Textures/Snow/snow_step_008.png
  artifactKey: Guid(c74775dcd81327747a3906d145705271) Importer(815301076,1909f56bfc062723c751e8b465ee728b)
Start importing Assets/Handpainted_Grass_and_Ground_Textures/Textures/Snow/snow_step_008.png using Guid(c74775dcd81327747a3906d145705271) Importer(815301076,1909f56bfc062723c751e8b465ee728b)  -> (artifact id: 'c8554489286086b170e80600c5ba84b2') in 0.368846 seconds 
========================================================================
Received Import Request.
  Time since last request: 0.000019 seconds.
  path: Packages/com.unity.collab-proxy/Editor/PlasticSCM/Assets/Images/step1.png
  artifactKey: Guid(9ce84ff0fdeb13d4a83f077d075dd9a5) Importer(815301076,1909f56bfc062723c751e8b465ee728b)
Start importing Packages/com.unity.collab-proxy/Editor/PlasticSCM/Assets/Images/step1.png using Guid(9ce84ff0fdeb13d4a83f077d075dd9a5) Importer(815301076,1909f56bfc062723c751e8b465ee728b)  -> (artifact id: '6ac8bf90e64067aab6428b39c4b3684a') in 0.079184 seconds 
========================================================================
Received Import Request.
  Time since last request: 0.000013 seconds.
  path: Packages/com.unity.timeline/Editor/StyleSheets/Images/DarkSkin/TimelineDisabledBackground.png
  artifactKey: Guid(412f73153f3a3c549b67b2a847741145) Importer(815301076,1909f56bfc062723c751e8b465ee728b)
Start importing Packages/com.unity.timeline/Editor/StyleSheets/Images/DarkSkin/TimelineDisabledBackground.png using Guid(412f73153f3a3c549b67b2a847741145) Importer(815301076,1909f56bfc062723c751e8b465ee728b)  -> (artifact id: 'd1be5b026463ed0e74a4080fe20ad367') in 0.020588 seconds 
========================================================================
Received Import Request.
  Time since last request: 0.000019 seconds.
  path: Packages/com.unity.timeline/Editor/StyleSheets/Images/Icons/TimelineDigIn.png
  artifactKey: Guid(b1d064d6d80829f4eb370f679384ea1f) Importer(815301076,1909f56bfc062723c751e8b465ee728b)
Start importing Packages/com.unity.timeline/Editor/StyleSheets/Images/Icons/TimelineDigIn.png using Guid(b1d064d6d80829f4eb370f679384ea1f) Importer(815301076,1909f56bfc062723c751e8b465ee728b)  -> (artifact id: 'd71d6df0b3c64f8528837d36ee06d348') in 0.047755 seconds 
========================================================================
Received Import Request.
  Time since last request: 0.000014 seconds.
  path: Packages/com.unity.timeline/Editor/StyleSheets/Images/Icons/TimelineEditModeMixON.png
  artifactKey: Guid(a82846d41464fcf4b962ebdc815963f5) Importer(815301076,1909f56bfc062723c751e8b465ee728b)
Start importing Packages/com.unity.timeline/Editor/StyleSheets/Images/Icons/TimelineEditModeMixON.png using Guid(a82846d41464fcf4b962ebdc815963f5) Importer(815301076,1909f56bfc062723c751e8b465ee728b)  -> (artifact id: '95978920d6f7a6346b6eff0c413fa1a9') in 0.019760 seconds 
Editor requested this worker to shutdown with reason: Scaling down because of idle timeout
AssetImportWorker is now disconnected from the server
Process exiting
Exiting without the bug reporter. Application will terminate with return code 0