Using pre-set license
Built from '2021.3/staging' branch; Version is '2021.3.26f1 (a16dc32e0ff2) revision 10579395'; Using compiler version '192829333'; Build Type 'Release'
OS: 'Windows 10  (10.0.19045) 64bit Professional' Language: 'ru' Physical Memory: 32654 MB
BatchMode: 1, IsHumanControllingUs: 0, StartBugReporterOnCrash: 0, Is64bit: 1, IsPro: 1

COMMAND LINE ARGUMENTS:
D:\2021.3.26f1\Editor\Unity.exe
-adb2
-batchMode
-noUpm
-name
AssetImportWorker11
-projectPath
D:/UnityProjects/TestovyaDerevnya
-logFile
Logs/AssetImportWorker11.log
-srvPort
8618
Successfully changed project path to: D:/UnityProjects/TestovyaDerevnya
D:/UnityProjects/TestovyaDerevnya
[UnityMemory] Configuration Parameters - Can be set up in boot.config
    "memorysetup-bucket-allocator-granularity=16"
    "memorysetup-bucket-allocator-bucket-count=8"
    "memorysetup-bucket-allocator-block-size=33554432"
    "memorysetup-bucket-allocator-block-count=8"
    "memorysetup-main-allocator-block-size=16777216"
    "memorysetup-thread-allocator-block-size=16777216"
    "memorysetup-gfx-main-allocator-block-size=16777216"
    "memorysetup-gfx-thread-allocator-block-size=16777216"
    "memorysetup-cache-allocator-block-size=4194304"
    "memorysetup-typetree-allocator-block-size=2097152"
    "memorysetup-profiler-bucket-allocator-granularity=16"
    "memorysetup-profiler-bucket-allocator-bucket-count=8"
    "memorysetup-profiler-bucket-allocator-block-size=33554432"
    "memorysetup-profiler-bucket-allocator-block-count=8"
    "memorysetup-profiler-allocator-block-size=16777216"
    "memorysetup-profiler-editor-allocator-block-size=1048576"
    "memorysetup-temp-allocator-size-main=16777216"
    "memorysetup-job-temp-allocator-block-size=2097152"
    "memorysetup-job-temp-allocator-block-size-background=1048576"
    "memorysetup-job-temp-allocator-reduction-small-platforms=262144"
    "memorysetup-temp-allocator-size-background-worker=32768"
    "memorysetup-temp-allocator-size-job-worker=262144"
    "memorysetup-temp-allocator-size-preload-manager=33554432"
    "memorysetup-temp-allocator-size-nav-mesh-worker=65536"
    "memorysetup-temp-allocator-size-audio-worker=65536"
    "memorysetup-temp-allocator-size-cloud-worker=32768"
    "memorysetup-temp-allocator-size-gi-baking-worker=262144"
    "memorysetup-temp-allocator-size-gfx=262144"
Player connection [16136] Host "[IP] 192.168.1.111 [Port] 0 [Flags] 2 [Guid] 1428451984 [EditorId] 1428451984 [Version] 1048832 [Id] WindowsEditor(7,VOLD-PC) [Debug] 1 [PackageName] WindowsEditor [ProjectName] Editor" joined multi-casting on [225.0.0.222:54997]...

Player connection [16136] Host "[IP] 192.168.1.111 [Port] 0 [Flags] 2 [Guid] 1428451984 [EditorId] 1428451984 [Version] 1048832 [Id] WindowsEditor(7,VOLD-PC) [Debug] 1 [PackageName] WindowsEditor [ProjectName] Editor" joined alternative multi-casting on [225.0.0.222:34997]...

Refreshing native plugins compatible for Editor in 54.51 ms, found 3 plugins.
Preloading 0 native plugins for Editor in 0.00 ms.
Initialize engine version: 2021.3.26f1 (a16dc32e0ff2)
[Subsystems] Discovering subsystems at path D:/2021.3.26f1/Editor/Data/Resources/UnitySubsystems
[Subsystems] Discovering subsystems at path D:/UnityProjects/TestovyaDerevnya/Assets
GfxDevice: creating device client; threaded=0; jobified=0
Direct3D:
    Version:  Direct3D 11.0 [level 11.1]
    Renderer: NVIDIA GeForce RTX 3080 (ID=0x2216)
    Vendor:   NVIDIA
    VRAM:     10053 MB
    Driver:   32.0.15.6636
Initialize mono
Mono path[0] = 'D:/2021.3.26f1/Editor/Data/Managed'
Mono path[1] = 'D:/2021.3.26f1/Editor/Data/MonoBleedingEdge/lib/mono/unityjit-win32'
Mono config path = 'D:/2021.3.26f1/Editor/Data/MonoBleedingEdge/etc'
Using monoOptions --debugger-agent=transport=dt_socket,embedding=1,server=y,suspend=n,address=127.0.0.1:56272
Begin MonoManager ReloadAssembly
Registering precompiled unity dll's ...
Register platform support module: D:/2021.3.26f1/Editor/Data/PlaybackEngines/WindowsStandaloneSupport/UnityEditor.WindowsStandalone.Extensions.dll
Registered in 0.001884 seconds.
Native extension for WindowsStandalone target not found
Refreshing native plugins compatible for Editor in 49.21 ms, found 3 plugins.
Preloading 0 native plugins for Editor in 0.00 ms.
Mono: successfully reloaded assembly
- Completed reload, in  0.441 seconds
Domain Reload Profiling:
	ReloadAssembly (441ms)
		BeginReloadAssembly (62ms)
			ExecutionOrderSort (0ms)
			DisableScriptedObjects (0ms)
			BackupInstance (0ms)
			ReleaseScriptingObjects (0ms)
			CreateAndSetChildDomain (1ms)
		EndReloadAssembly (317ms)
			LoadAssemblies (61ms)
			RebuildTransferFunctionScriptingTraits (0ms)
			SetupTypeCache (67ms)
			ReleaseScriptCaches (0ms)
			RebuildScriptCaches (18ms)
			SetupLoadedEditorAssemblies (197ms)
				LogAssemblyErrors (0ms)
				InitializePlatformSupportModulesInManaged (5ms)
				SetLoadedEditorAssemblies (0ms)
				RefreshPlugins (49ms)
				BeforeProcessingInitializeOnLoad (1ms)
				ProcessInitializeOnLoadAttributes (101ms)
				ProcessInitializeOnLoadMethodAttributes (41ms)
				AfterProcessingInitializeOnLoad (0ms)
				EditorAssembliesLoaded (0ms)
			ExecutionOrderSort2 (0ms)
			AwakeInstancesAfterBackupRestoration (0ms)
Platform modules already initialized, skipping
Registering precompiled user dll's ...
Registered in 0.004332 seconds.
Begin MonoManager ReloadAssembly
Symbol file LoadedFromMemory doesn't match image D:\UnityProjects\TestovyaDerevnya\Library\PackageCache\com.unity.visualscripting@1.8.0\Editor\VisualScripting.Core\Dependencies\YamlDotNet\Unity.VisualScripting.YamlDotNet.dll
Symbol file LoadedFromMemory doesn't match image D:\UnityProjects\TestovyaDerevnya\Library\PackageCache\com.unity.visualscripting@1.8.0\Editor\VisualScripting.Core\Dependencies\DotNetZip\Unity.VisualScripting.IonicZip.dll
Native extension for WindowsStandalone target not found
Refreshing native plugins compatible for Editor in 0.59 ms, found 3 plugins.
Preloading 0 native plugins for Editor in 0.00 ms.
Mono: successfully reloaded assembly
- Completed reload, in  0.733 seconds
Domain Reload Profiling:
	ReloadAssembly (734ms)
		BeginReloadAssembly (92ms)
			ExecutionOrderSort (0ms)
			DisableScriptedObjects (5ms)
			BackupInstance (0ms)
			ReleaseScriptingObjects (0ms)
			CreateAndSetChildDomain (17ms)
		EndReloadAssembly (572ms)
			LoadAssemblies (68ms)
			RebuildTransferFunctionScriptingTraits (0ms)
			SetupTypeCache (176ms)
			ReleaseScriptCaches (0ms)
			RebuildScriptCaches (39ms)
			SetupLoadedEditorAssemblies (264ms)
				LogAssemblyErrors (0ms)
				InitializePlatformSupportModulesInManaged (4ms)
				SetLoadedEditorAssemblies (0ms)
				RefreshPlugins (1ms)
				BeforeProcessingInitializeOnLoad (53ms)
				ProcessInitializeOnLoadAttributes (189ms)
				ProcessInitializeOnLoadMethodAttributes (15ms)
				AfterProcessingInitializeOnLoad (2ms)
				EditorAssembliesLoaded (0ms)
			ExecutionOrderSort2 (0ms)
			AwakeInstancesAfterBackupRestoration (7ms)
Platform modules already initialized, skipping
========================================================================
Worker process is ready to serve import requests
Launched and connected shader compiler UnityShaderCompiler.exe after 0.05 seconds
Refreshing native plugins compatible for Editor in 0.40 ms, found 3 plugins.
Preloading 0 native plugins for Editor in 0.00 ms.
Unloading 3051 Unused Serialized files (Serialized files now loaded: 0)
Unloading 22 unused Assets / (56.5 KB). Loaded Objects now: 3531.
Memory consumption went from 119.8 MB to 119.8 MB.
Total: 2.693600 ms (FindLiveObjects: 0.180500 ms CreateObjectMapping: 0.064100 ms MarkObjects: 2.380800 ms  DeleteObjects: 0.067500 ms)

AssetImportParameters requested are different than current active one (requested -> active):
  custom:video-decoder-ogg-theora: a1e56fd34408186e4bbccfd4996cb3dc -> 
  custom:container-muxer-webm: aa71ff27fc2769a1b78a27578f13a17b -> 
  custom:container-demuxer-webm: 4f35f7cbe854078d1ac9338744f61a02 -> 
  custom:video-encoder-webm-vp8: eb34c28f22e8b96e1ab97ce403110664 -> 
  custom:audio-encoder-webm-vorbis: bf7c407c2cedff20999df2af8eb42d56 -> 
  custom:framework-win-MediaFoundation: 216162199b28c13a410421893ffa2e32 -> 
  custom:container-demuxer-ogg: 62fdf1f143b41e24485cea50d1cbac27 -> 
  custom:video-decoder-webm-vp8: 9c59270c3fd7afecdb556c50c9e8de78 -> 
  custom:audio-decoder-ogg-vorbis: bf7c407c2cedff20999df2af8eb42d56 -> 
========================================================================
Received Import Request.
  Time since last request: 14220.906129 seconds.
  path: Assets/Handpainted_Grass_and_Ground_Textures/Textures/Dirt/dirt_desatured_rocks/dirt_desatured_rocks_down.png
  artifactKey: Guid(6dc316139475bb04e887760522945098) Importer(815301076,1909f56bfc062723c751e8b465ee728b)
Start importing Assets/Handpainted_Grass_and_Ground_Textures/Textures/Dirt/dirt_desatured_rocks/dirt_desatured_rocks_down.png using Guid(6dc316139475bb04e887760522945098) Importer(815301076,1909f56bfc062723c751e8b465ee728b)  -> (artifact id: '4ecb9e648f39ebdec237cda12c377ea2') in 0.206415 seconds 
========================================================================
Received Import Request.
  Time since last request: 0.000020 seconds.
  path: Assets/Handpainted_Grass_and_Ground_Textures/Textures/Dirt/dirt_lighted_rocks/dirt_lighted_rocks_down.png
  artifactKey: Guid(85ed2b41abc7c82499e10ac4feaa0590) Importer(815301076,1909f56bfc062723c751e8b465ee728b)
Start importing Assets/Handpainted_Grass_and_Ground_Textures/Textures/Dirt/dirt_lighted_rocks/dirt_lighted_rocks_down.png using Guid(85ed2b41abc7c82499e10ac4feaa0590) Importer(815301076,1909f56bfc062723c751e8b465ee728b)  -> (artifact id: '4b6dc654277fac163bf363cf6bef6801') in 0.135819 seconds 
========================================================================
Received Import Request.
  Time since last request: 1.226982 seconds.
  path: Assets/SimpleNaturePack/Prefabs/NewBrush.brush
  artifactKey: Guid(2a9414052fafa294984fef41f43f447b) Importer(815301076,1909f56bfc062723c751e8b465ee728b)
Start importing Assets/SimpleNaturePack/Prefabs/NewBrush.brush using Guid(2a9414052fafa294984fef41f43f447b) Importer(815301076,1909f56bfc062723c751e8b465ee728b)  -> (artifact id: '54dd7e854629020488f3f2656f762b39') in 0.035614 seconds 
========================================================================
Received Import Request.
  Time since last request: 42.985676 seconds.
  path: Assets/Handpainted_Grass_and_Ground_Textures/Textures/Grass
  artifactKey: Guid(81aa5b08aeb420f4ba9e6a77812b8384) Importer(815301076,1909f56bfc062723c751e8b465ee728b)
Start importing Assets/Handpainted_Grass_and_Ground_Textures/Textures/Grass using Guid(81aa5b08aeb420f4ba9e6a77812b8384) Importer(815301076,1909f56bfc062723c751e8b465ee728b)  -> (artifact id: 'b2f9fdc0cd274ef5a9779fdee5dbdff5') in 0.002130 seconds 
========================================================================
Received Import Request.
  Time since last request: 1.637658 seconds.
  path: Assets/Handpainted_Grass_and_Ground_Textures/Textures/Grass/Grass_darked
  artifactKey: Guid(8b50b5524d6fd0244b1dc042957e48ba) Importer(815301076,1909f56bfc062723c751e8b465ee728b)
Start importing Assets/Handpainted_Grass_and_Ground_Textures/Textures/Grass/Grass_darked using Guid(8b50b5524d6fd0244b1dc042957e48ba) Importer(815301076,1909f56bfc062723c751e8b465ee728b)  -> (artifact id: '48f7c70a54789150dffb46e63a4e8191') in 0.002256 seconds 
========================================================================
Received Import Request.
  Time since last request: 149.080972 seconds.
  path: Assets/Handpainted_Grass_and_Ground_Textures/Textures/Grass/Grass_swamp_dark/Grass_swamp_dark_right.png
  artifactKey: Guid(ebd860c0227aa48418f02eb2af1438b1) Importer(815301076,1909f56bfc062723c751e8b465ee728b)
Start importing Assets/Handpainted_Grass_and_Ground_Textures/Textures/Grass/Grass_swamp_dark/Grass_swamp_dark_right.png using Guid(ebd860c0227aa48418f02eb2af1438b1) Importer(815301076,1909f56bfc062723c751e8b465ee728b)  -> (artifact id: 'b168176bdef1430f8a96d5644fb1fe31') in 0.165680 seconds 
========================================================================
Received Import Request.
  Time since last request: 0.000015 seconds.
  path: Assets/Handpainted_Grass_and_Ground_Textures/Textures/Grass/Grass_swamp_lighted/Grass_swamp_lighted_right.png
  artifactKey: Guid(b9cc1b4e12ee8504b8820d2f834b2ca7) Importer(815301076,1909f56bfc062723c751e8b465ee728b)
Start importing Assets/Handpainted_Grass_and_Ground_Textures/Textures/Grass/Grass_swamp_lighted/Grass_swamp_lighted_right.png using Guid(b9cc1b4e12ee8504b8820d2f834b2ca7) Importer(815301076,1909f56bfc062723c751e8b465ee728b)  -> (artifact id: '4c7aa8a25a300e2d897f0cdeb437d834') in 0.113757 seconds 
========================================================================
Received Import Request.
  Time since last request: 0.000021 seconds.
  path: Assets/Handpainted_Grass_and_Ground_Textures/Textures/Grass/Grass_swamp_lighted/Grass_swamp_lighted_up.png
  artifactKey: Guid(388f2f1cf74926b4b87216b23523d64d) Importer(815301076,1909f56bfc062723c751e8b465ee728b)
Start importing Assets/Handpainted_Grass_and_Ground_Textures/Textures/Grass/Grass_swamp_lighted/Grass_swamp_lighted_up.png using Guid(388f2f1cf74926b4b87216b23523d64d) Importer(815301076,1909f56bfc062723c751e8b465ee728b)  -> (artifact id: 'e656e2edcde5e8d6fb4977744b5c6843') in 0.122311 seconds 
========================================================================
Received Import Request.
  Time since last request: 0.219680 seconds.
  path: Assets/Handpainted_Grass_and_Ground_Textures/Textures/Grass/Grass_swamp_normal/Grass_swamp_normal_down.png
  artifactKey: Guid(b30ef1b99587eb844b863df6c6535bd7) Importer(815301076,1909f56bfc062723c751e8b465ee728b)
Start importing Assets/Handpainted_Grass_and_Ground_Textures/Textures/Grass/Grass_swamp_normal/Grass_swamp_normal_down.png using Guid(b30ef1b99587eb844b863df6c6535bd7) Importer(815301076,1909f56bfc062723c751e8b465ee728b)  -> (artifact id: '874c19602093ade3a64ebce448c8db9c') in 0.149800 seconds 
========================================================================
Received Import Request.
  Time since last request: 0.057277 seconds.
  path: Assets/Handpainted_Grass_and_Ground_Textures/Textures/Grass/Grass_swamp_normal/Grass_swamp_normal_right.png
  artifactKey: Guid(b3fa58fc580ef1b4f8cd17e8a49af808) Importer(815301076,1909f56bfc062723c751e8b465ee728b)
Start importing Assets/Handpainted_Grass_and_Ground_Textures/Textures/Grass/Grass_swamp_normal/Grass_swamp_normal_right.png using Guid(b3fa58fc580ef1b4f8cd17e8a49af808) Importer(815301076,1909f56bfc062723c751e8b465ee728b)  -> (artifact id: '10d98142e11ae69c3c9bdf27b13f1ecd') in 0.133663 seconds 
========================================================================
Received Import Request.
  Time since last request: 0.838322 seconds.
  path: Assets/Handpainted_Grass_and_Ground_Textures/Textures/Grass/Grass_lighted/Grass_lighted_up.png
  artifactKey: Guid(9273b0666f47d5e4e86165bf96cb7404) Importer(815301076,1909f56bfc062723c751e8b465ee728b)
Start importing Assets/Handpainted_Grass_and_Ground_Textures/Textures/Grass/Grass_lighted/Grass_lighted_up.png using Guid(9273b0666f47d5e4e86165bf96cb7404) Importer(815301076,1909f56bfc062723c751e8b465ee728b)  -> (artifact id: '0b6782c522118d4f0216f8c026f9cf46') in 0.060575 seconds 
========================================================================
Received Import Request.
  Time since last request: 12.323592 seconds.
  path: Assets/Handpainted_Grass_and_Ground_Textures/Demo/terrain_layers/dirt_clay_down.terrainlayer
  artifactKey: Guid(4c4035b4429296047a447dd96db29248) Importer(815301076,1909f56bfc062723c751e8b465ee728b)
Start importing Assets/Handpainted_Grass_and_Ground_Textures/Demo/terrain_layers/dirt_clay_down.terrainlayer using Guid(4c4035b4429296047a447dd96db29248) Importer(815301076,1909f56bfc062723c751e8b465ee728b)  -> (artifact id: '0c1419972fe1ad48479870c5d4794952') in 0.066768 seconds 
========================================================================
Received Import Request.
  Time since last request: 0.000014 seconds.
  path: Assets/Handpainted_Grass_and_Ground_Textures/Demo/terrain_layers/dirt_clay_up.terrainlayer
  artifactKey: Guid(799b17a5976350a4699e3fe5773d8e83) Importer(815301076,1909f56bfc062723c751e8b465ee728b)
Start importing Assets/Handpainted_Grass_and_Ground_Textures/Demo/terrain_layers/dirt_clay_up.terrainlayer using Guid(799b17a5976350a4699e3fe5773d8e83) Importer(815301076,1909f56bfc062723c751e8b465ee728b)  -> (artifact id: 'f7921fb64ab846a9472c781465992025') in 0.011369 seconds 
========================================================================
Received Import Request.
  Time since last request: 0.000024 seconds.
  path: Assets/Handpainted_Grass_and_Ground_Textures/Demo/terrain_layers/dirt_claydarked_left.terrainlayer
  artifactKey: Guid(69aae8f389094174fa2ca70f9268a251) Importer(815301076,1909f56bfc062723c751e8b465ee728b)
Start importing Assets/Handpainted_Grass_and_Ground_Textures/Demo/terrain_layers/dirt_claydarked_left.terrainlayer using Guid(69aae8f389094174fa2ca70f9268a251) Importer(815301076,1909f56bfc062723c751e8b465ee728b)  -> (artifact id: '9bd30bbe71b244cfc67a1dfb7f989630') in 0.010492 seconds 
========================================================================
Received Import Request.
  Time since last request: 0.000016 seconds.
  path: Assets/Handpainted_Grass_and_Ground_Textures/Demo/terrain_layers/dirt_claydarked_down.terrainlayer
  artifactKey: Guid(421ead4c2a1387945a283cc08d0ad7ae) Importer(815301076,1909f56bfc062723c751e8b465ee728b)
Start importing Assets/Handpainted_Grass_and_Ground_Textures/Demo/terrain_layers/dirt_claydarked_down.terrainlayer using Guid(421ead4c2a1387945a283cc08d0ad7ae) Importer(815301076,1909f56bfc062723c751e8b465ee728b)  -> (artifact id: '65d8c90f7285e45211cf7fba657bbd38') in 0.013316 seconds 
========================================================================
Received Import Request.
  Time since last request: 1.027103 seconds.
  path: Assets/Handpainted_Grass_and_Ground_Textures/Demo/terrain_layers/dirt_corrupted_down.terrainlayer
  artifactKey: Guid(ca37d638073554c449cb7c9dd313f5cb) Importer(815301076,1909f56bfc062723c751e8b465ee728b)
Start importing Assets/Handpainted_Grass_and_Ground_Textures/Demo/terrain_layers/dirt_corrupted_down.terrainlayer using Guid(ca37d638073554c449cb7c9dd313f5cb) Importer(815301076,1909f56bfc062723c751e8b465ee728b)  -> (artifact id: '210ae1b907e4774f6073290b8bc56a38') in 0.010540 seconds 
========================================================================
Received Import Request.
  Time since last request: 0.085451 seconds.
  path: Assets/Handpainted_Grass_and_Ground_Textures/Demo/terrain_layers/dirt_corrupted_lighted_down.terrainlayer
  artifactKey: Guid(3d4206861a951f648b37ee22d964bf26) Importer(815301076,1909f56bfc062723c751e8b465ee728b)
Start importing Assets/Handpainted_Grass_and_Ground_Textures/Demo/terrain_layers/dirt_corrupted_lighted_down.terrainlayer using Guid(3d4206861a951f648b37ee22d964bf26) Importer(815301076,1909f56bfc062723c751e8b465ee728b)  -> (artifact id: '5cb6e480a4842f7a5435a334c109ff00') in 0.009038 seconds 
========================================================================
Received Import Request.
  Time since last request: 0.055490 seconds.
  path: Assets/Handpainted_Grass_and_Ground_Textures/Demo/terrain_layers/dirt_corrupted_lighted_right.terrainlayer
  artifactKey: Guid(4ac37b12803ab694983dffea6db7bf14) Importer(815301076,1909f56bfc062723c751e8b465ee728b)
Start importing Assets/Handpainted_Grass_and_Ground_Textures/Demo/terrain_layers/dirt_corrupted_lighted_right.terrainlayer using Guid(4ac37b12803ab694983dffea6db7bf14) Importer(815301076,1909f56bfc062723c751e8b465ee728b)  -> (artifact id: '5591dee448b713ae74dde006bfbc7214') in 0.009458 seconds 
========================================================================
Received Import Request.
  Time since last request: 0.630073 seconds.
  path: Assets/Handpainted_Grass_and_Ground_Textures/Demo/terrain_layers/dirt_corrupted_right.terrainlayer
  artifactKey: Guid(b26240796d8c5d94091db1d62cab2744) Importer(815301076,1909f56bfc062723c751e8b465ee728b)
Start importing Assets/Handpainted_Grass_and_Ground_Textures/Demo/terrain_layers/dirt_corrupted_right.terrainlayer using Guid(b26240796d8c5d94091db1d62cab2744) Importer(815301076,1909f56bfc062723c751e8b465ee728b)  -> (artifact id: '82eb3cb82355b881a55a4097c3c30765') in 0.010084 seconds 
========================================================================
Received Import Request.
  Time since last request: 0.020486 seconds.
  path: Assets/Handpainted_Grass_and_Ground_Textures/Demo/terrain_layers/dirt_desatured_down.terrainlayer
  artifactKey: Guid(a2067e44dd8d50144b0a359c7513a3ba) Importer(815301076,1909f56bfc062723c751e8b465ee728b)
Start importing Assets/Handpainted_Grass_and_Ground_Textures/Demo/terrain_layers/dirt_desatured_down.terrainlayer using Guid(a2067e44dd8d50144b0a359c7513a3ba) Importer(815301076,1909f56bfc062723c751e8b465ee728b)  -> (artifact id: 'a58d5990c87917b7b0a1a65bbc8ae25b') in 0.010812 seconds 
========================================================================
Received Import Request.
  Time since last request: 0.008565 seconds.
  path: Assets/Handpainted_Grass_and_Ground_Textures/Demo/terrain_layers/dirt_desatured_right.terrainlayer
  artifactKey: Guid(81ae3aa24351ac3468c21be8f174a9ea) Importer(815301076,1909f56bfc062723c751e8b465ee728b)
Start importing Assets/Handpainted_Grass_and_Ground_Textures/Demo/terrain_layers/dirt_desatured_right.terrainlayer using Guid(81ae3aa24351ac3468c21be8f174a9ea) Importer(815301076,1909f56bfc062723c751e8b465ee728b)  -> (artifact id: '0316b9c072a0744e2fc161d4de5c4cc8') in 0.010056 seconds 
========================================================================
Received Import Request.
  Time since last request: 0.009307 seconds.
  path: Assets/Handpainted_Grass_and_Ground_Textures/Demo/terrain_layers/dirt_desatured_rocks_left.terrainlayer
  artifactKey: Guid(2af4e57ff8bc78e4a88241418c051a76) Importer(815301076,1909f56bfc062723c751e8b465ee728b)
Start importing Assets/Handpainted_Grass_and_Ground_Textures/Demo/terrain_layers/dirt_desatured_rocks_left.terrainlayer using Guid(2af4e57ff8bc78e4a88241418c051a76) Importer(815301076,1909f56bfc062723c751e8b465ee728b)  -> (artifact id: 'd745af524426aeda0ce7ef400127b2b7') in 0.009324 seconds 
========================================================================
Received Import Request.
  Time since last request: 0.196506 seconds.
  path: Assets/Handpainted_Grass_and_Ground_Textures/Demo/terrain_layers/dirt_desatured_rocks_up.terrainlayer
  artifactKey: Guid(f8179b5fdea36d14484ce6531cdf7e64) Importer(815301076,1909f56bfc062723c751e8b465ee728b)
Start importing Assets/Handpainted_Grass_and_Ground_Textures/Demo/terrain_layers/dirt_desatured_rocks_up.terrainlayer using Guid(f8179b5fdea36d14484ce6531cdf7e64) Importer(815301076,1909f56bfc062723c751e8b465ee728b)  -> (artifact id: 'd5730deda0cde1084debf1597d2d43c0') in 0.010028 seconds 
========================================================================
Received Import Request.
  Time since last request: 0.000013 seconds.
  path: Assets/Handpainted_Grass_and_Ground_Textures/Demo/terrain_layers/dirt_lighted_left.terrainlayer
  artifactKey: Guid(8868eb00d1fb1564881e9adbc06e83c8) Importer(815301076,1909f56bfc062723c751e8b465ee728b)
Start importing Assets/Handpainted_Grass_and_Ground_Textures/Demo/terrain_layers/dirt_lighted_left.terrainlayer using Guid(8868eb00d1fb1564881e9adbc06e83c8) Importer(815301076,1909f56bfc062723c751e8b465ee728b)  -> (artifact id: '4eb4009c0c78460600b52b463f7e09c2') in 0.010335 seconds 
========================================================================
Received Import Request.
  Time since last request: 0.030115 seconds.
  path: Assets/Handpainted_Grass_and_Ground_Textures/Demo/terrain_layers/dirt_lighted_right.terrainlayer
  artifactKey: Guid(85999f731165c8a458b1795d7bfb2f6c) Importer(815301076,1909f56bfc062723c751e8b465ee728b)
Start importing Assets/Handpainted_Grass_and_Ground_Textures/Demo/terrain_layers/dirt_lighted_right.terrainlayer using Guid(85999f731165c8a458b1795d7bfb2f6c) Importer(815301076,1909f56bfc062723c751e8b465ee728b)  -> (artifact id: '6643a732a570ad9f61077249c2fa24bd') in 0.009034 seconds 
Editor requested this worker to shutdown with reason: Scaling down because of idle timeout
AssetImportWorker is now disconnected from the server
Process exiting
Exiting without the bug reporter. Application will terminate with return code 0